{
  "RSpec": {
    "coverage": {
      "c:/Users/Johanna/Documents/GitHub/kalorilaskuri/app/models/user.rb": [
        1,
        null,
        null,
        1,
        null,
        null,
        1,
        null,
        null
      ],
      "c:/Users/Johanna/Documents/GitHub/kalorilaskuri/app/helpers/application_helper.rb": [
        1,
        null
      ],
      "c:/Users/Johanna/Documents/GitHub/kalorilaskuri/app/helpers/meals_helper.rb": [
        1,
        null
      ],
      "c:/Users/Johanna/Documents/GitHub/kalorilaskuri/app/helpers/products_helper.rb": [
        1,
        null
      ],
      "c:/Users/Johanna/Documents/GitHub/kalorilaskuri/app/controllers/meals_controller.rb": [
        1,
        1,
        1,
        null,
        null,
        null,
        1,
        0,
        null,
        null,
        null,
        null,
        1,
        null,
        null,
        null,
        1,
        0,
        null,
        null,
        null,
        1,
        null,
        null,
        null,
        null,
        1,
        0,
        null,
        0,
        0,
        0,
        0,
        null,
        0,
        0,
        null,
        null,
        null,
        null,
        null,
        null,
        1,
        0,
        0,
        0,
        0,
        null,
        0,
        0,
        null,
        null,
        null,
        null,
        null,
        null,
        1,
        0,
        0,
        0,
        0,
        null,
        null,
        null,
        1,
        null,
        1,
        0,
        null,
        null,
        null,
        1,
        0,
        null,
        null
      ],
      "c:/Users/Johanna/Documents/GitHub/kalorilaskuri/app/controllers/application_controller.rb": [
        1,
        null,
        null,
        1,
        null
      ],
      "c:/Users/Johanna/Documents/GitHub/kalorilaskuri/app/controllers/products_controller.rb": [
        1,
        1,
        1,
        null,
        null,
        null,
        1,
        0,
        null,
        null,
        null,
        null,
        1,
        null,
        null,
        null,
        1,
        0,
        null,
        null,
        null,
        1,
        null,
        null,
        null,
        null,
        1,
        0,
        null,
        0,
        0,
        0,
        0,
        null,
        0,
        0,
        null,
        null,
        null,
        null,
        null,
        null,
        1,
        0,
        0,
        0,
        0,
        null,
        0,
        0,
        null,
        null,
        null,
        null,
        null,
        null,
        1,
        0,
        0,
        0,
        0,
        null,
        null,
        null,
        1,
        null,
        1,
        0,
        null,
        null,
        null,
        1,
        0,
        null,
        null
      ],
      "c:/Users/Johanna/Documents/GitHub/kalorilaskuri/app/models/meal_product.rb": [
        1,
        1,
        1,
        null
      ],
      "c:/Users/Johanna/Documents/GitHub/kalorilaskuri/app/models/meal.rb": [
        1,
        1,
        1,
        null
      ],
      "c:/Users/Johanna/Documents/GitHub/kalorilaskuri/app/models/product.rb": [
        1,
        null,
        null
      ]
    },
    "timestamp": 1467632625
  }
}
